#! /usr/bin/vvp
:ivl_version "10.1 (stable)";
:ivl_delay_selection "TYPICAL";
:vpi_time_precision + 0;
:vpi_module "system";
:vpi_module "vhdl_sys";
:vpi_module "v2005_math";
:vpi_module "va_math";
S_0x55c610519380 .scope module, "tb_matrix" "tb_matrix" 2 2;
 .timescale 0 0;
v0x55c6105ca850_0 .var "CLK", 0 0;
v0x55c6105ca8f0_0 .var "reset", 0 0;
S_0x55c610519500 .scope module, "dut" "main" 2 9, 3 6 0, S_0x55c610519380;
 .timescale 0 0;
    .port_info 0 /INPUT 1 "CLK"
    .port_info 1 /INPUT 1 "reset"
v0x55c6105c9270_0 .net "ALUSrc", 0 0, v0x55c6105be430_0;  1 drivers
v0x55c6105c9330_0 .net "ALUop", 1 0, v0x55c61059ff80_0;  1 drivers
v0x55c6105c93f0_0 .net "AluResult", 31 0, v0x55c6105c2780_0;  1 drivers
v0x55c6105c9490_0 .net "Branch", 0 0, v0x55c6105be4f0_0;  1 drivers
v0x55c6105c9530_0 .net "CLK", 0 0, v0x55c6105ca850_0;  1 drivers
v0x55c6105c9670_0 .net "Data1", 31 0, v0x55c6105c0840_0;  1 drivers
v0x55c6105c9780_0 .net "Data2", 31 0, v0x55c6105c08e0_0;  1 drivers
v0x55c6105c98d0_0 .net "MemRead", 0 0, v0x55c6105be590_0;  1 drivers
v0x55c6105c9a00_0 .net "MemToReg", 0 0, v0x55c6105be650_0;  1 drivers
v0x55c6105c9b30_0 .net "MemWrite", 0 0, v0x55c6105be760_0;  1 drivers
v0x55c6105c9c60_0 .net "PCBranch", 31 0, v0x55c6105c3380_0;  1 drivers
v0x55c6105c9d20_0 .net "PCIN", 31 0, v0x55c6105c8280_0;  1 drivers
v0x55c6105c9de0_0 .net "PCOUT", 31 0, v0x55c6105c6530_0;  1 drivers
L_0x7f3be9828018 .functor BUFT 1, C4<1>, C4<0>, C4<0>, C4<0>;
v0x55c6105c9ea0_0 .net "PC_enable", 0 0, L_0x7f3be9828018;  1 drivers
v0x55c6105c9f40_0 .net "PC_next", 31 0, v0x55c6105c6cf0_0;  1 drivers
v0x55c6105ca000_0 .net "ReadData", 31 0, v0x55c6105c7a40_0;  1 drivers
v0x55c6105ca0c0_0 .net "RegDst", 0 0, v0x55c6105be820_0;  1 drivers
v0x55c6105ca270_0 .net "RegWrite", 0 0, v0x55c6105be8e0_0;  1 drivers
v0x55c6105ca310_0 .net "SignExtended", 31 0, v0x55c6105c1120_0;  1 drivers
v0x55c6105ca3d0_0 .net "WriteData", 31 0, v0x55c6105c9070_0;  1 drivers
v0x55c6105ca490_0 .net "Zero", 0 0, L_0x55c6105cab90;  1 drivers
v0x55c6105ca580_0 .net "instruction", 31 0, v0x55c6105c4970_0;  1 drivers
v0x55c6105ca640_0 .net "reset", 0 0, v0x55c6105ca8f0_0;  1 drivers
v0x55c6105ca730_0 .var "state", 5 0;
E_0x55c610541b30 .event negedge, v0x55c6105c77a0_0;
S_0x55c610517650 .scope module, "d" "decode" 3 32, 4 4 0, S_0x55c610519500;
 .timescale 0 0;
    .port_info 0 /INPUT 32 "Instruction"
    .port_info 1 /INPUT 32 "WriteData"
    .port_info 2 /OUTPUT 1 "RegDst"
    .port_info 3 /OUTPUT 1 "Branch"
    .port_info 4 /OUTPUT 1 "MemRead"
    .port_info 5 /OUTPUT 1 "MemToReg"
    .port_info 6 /OUTPUT 1 "MemWrite"
    .port_info 7 /OUTPUT 1 "ALUSrc"
    .port_info 8 /OUTPUT 1 "RegWrite"
    .port_info 9 /OUTPUT 2 "ALUOp"
    .port_info 10 /OUTPUT 32 "Data1"
    .port_info 11 /OUTPUT 32 "Data2"
    .port_info 12 /OUTPUT 32 "SignExtended"
    .port_info 13 /INPUT 6 "state"
v0x55c6105c0620_0 .net "ALUOp", 1 0, v0x55c61059ff80_0;  alias, 1 drivers
v0x55c6105c0700_0 .net "ALUSrc", 0 0, v0x55c6105be430_0;  alias, 1 drivers
v0x55c6105c07a0_0 .net "Branch", 0 0, v0x55c6105be4f0_0;  alias, 1 drivers
v0x55c6105c0840_0 .var "Data1", 31 0;
v0x55c6105c08e0_0 .var "Data2", 31 0;
v0x55c6105c0980_0 .net "Instruction", 31 0, v0x55c6105c4970_0;  alias, 1 drivers
v0x55c6105c0a60_0 .net "MemRead", 0 0, v0x55c6105be590_0;  alias, 1 drivers
v0x55c6105c0b00_0 .net "MemToReg", 0 0, v0x55c6105be650_0;  alias, 1 drivers
v0x55c6105c0ba0_0 .net "MemWrite", 0 0, v0x55c6105be760_0;  alias, 1 drivers
v0x55c6105c0c70_0 .net "ReadData1", 31 0, v0x55c6105bf070_0;  1 drivers
v0x55c6105c0d40_0 .net "ReadData2", 31 0, v0x55c6105bf170_0;  1 drivers
v0x55c6105c0e10_0 .var "RegDest", 4 0;
v0x55c6105c0ee0_0 .net "RegDst", 0 0, v0x55c6105be820_0;  alias, 1 drivers
v0x55c6105c0fb0_0 .var "RegSupport", 4 0;
v0x55c6105c1080_0 .net "RegWrite", 0 0, v0x55c6105be8e0_0;  alias, 1 drivers
v0x55c6105c1120_0 .var "SignExtended", 31 0;
v0x55c6105c11c0_0 .net "WriteData", 31 0, v0x55c6105c9070_0;  alias, 1 drivers
v0x55c6105c1260_0 .net "state", 5 0, v0x55c6105ca730_0;  1 drivers
E_0x55c6105a1540 .event edge, v0x55c6105bea80_0, v0x55c6105bf070_0, v0x55c6105bf170_0, v0x55c6105c0980_0;
E_0x55c6105a13c0 .event edge, v0x55c6105bea80_0, v0x55c6105c0980_0;
L_0x55c6105ca9b0 .part v0x55c6105c4970_0, 26, 6;
L_0x55c6105caa50 .part v0x55c6105c4970_0, 21, 5;
S_0x55c61055c460 .scope module, "C1" "controlunit" 4 25, 5 1 0, S_0x55c610517650;
 .timescale 0 0;
    .port_info 0 /INPUT 6 "opcode"
    .port_info 1 /OUTPUT 1 "RegDst"
    .port_info 2 /OUTPUT 1 "Branch"
    .port_info 3 /OUTPUT 1 "MemRead"
    .port_info 4 /OUTPUT 1 "MemToReg"
    .port_info 5 /OUTPUT 1 "MemWrite"
    .port_info 6 /OUTPUT 1 "ALUSrc"
    .port_info 7 /OUTPUT 1 "RegWrite"
    .port_info 8 /OUTPUT 2 "ALUOp"
    .port_info 9 /INPUT 6 "state"
v0x55c61059ff80_0 .var "ALUOp", 1 0;
v0x55c6105be430_0 .var "ALUSrc", 0 0;
v0x55c6105be4f0_0 .var "Branch", 0 0;
v0x55c6105be590_0 .var "MemRead", 0 0;
v0x55c6105be650_0 .var "MemToReg", 0 0;
v0x55c6105be760_0 .var "MemWrite", 0 0;
v0x55c6105be820_0 .var "RegDst", 0 0;
v0x55c6105be8e0_0 .var "RegWrite", 0 0;
v0x55c6105be9a0_0 .net "opcode", 5 0, L_0x55c6105ca9b0;  1 drivers
v0x55c6105bea80_0 .net "state", 5 0, v0x55c6105ca730_0;  alias, 1 drivers
E_0x55c6105a14c0 .event edge, v0x55c6105bea80_0, v0x55c6105be9a0_0;
S_0x55c6105beca0 .scope module, "R1" "register" 4 26, 6 1 0, S_0x55c610517650;
 .timescale 0 0;
    .port_info 0 /INPUT 1 "RegWrite"
    .port_info 1 /INPUT 5 "RegSource"
    .port_info 2 /INPUT 5 "RegDest"
    .port_info 3 /INPUT 5 "RegSupport"
    .port_info 4 /INPUT 32 "WriteData"
    .port_info 5 /OUTPUT 32 "ReadData1"
    .port_info 6 /OUTPUT 32 "ReadData2"
    .port_info 7 /INPUT 6 "state"
v0x55c6105bf070_0 .var "ReadData1", 31 0;
v0x55c6105bf170_0 .var "ReadData2", 31 0;
v0x55c6105bf250_0 .net "RegDest", 4 0, v0x55c6105c0e10_0;  1 drivers
v0x55c6105bf310_0 .net "RegSource", 4 0, L_0x55c6105caa50;  1 drivers
v0x55c6105bf3f0_0 .net "RegSupport", 4 0, v0x55c6105c0fb0_0;  1 drivers
v0x55c6105bf520_0 .net "RegWrite", 0 0, v0x55c6105be8e0_0;  alias, 1 drivers
v0x55c6105bf5c0_0 .net "WriteData", 31 0, v0x55c6105c9070_0;  alias, 1 drivers
v0x55c6105bf680_0 .var "s0", 31 0;
v0x55c6105bf760_0 .var "s1", 31 0;
v0x55c6105bf840_0 .var "s2", 31 0;
v0x55c6105bf920_0 .var "s3", 31 0;
v0x55c6105bfa00_0 .var "s4", 31 0;
v0x55c6105bfae0_0 .var "s5", 31 0;
v0x55c6105bfbc0_0 .var "s6", 31 0;
v0x55c6105bfca0_0 .var "s7", 31 0;
v0x55c6105bfd80_0 .net "state", 5 0, v0x55c6105ca730_0;  alias, 1 drivers
v0x55c6105bfe40_0 .var "t0", 31 0;
v0x55c6105bff00_0 .var "t1", 31 0;
v0x55c6105bffe0_0 .var "t2", 31 0;
v0x55c6105c00c0_0 .var "t3", 31 0;
v0x55c6105c01a0_0 .var "t4", 31 0;
v0x55c6105c0280_0 .var "t5", 31 0;
v0x55c6105c0360_0 .var "t6", 31 0;
v0x55c6105c0440_0 .var "t7", 31 0;
E_0x55c6105a0ce0 .event edge, v0x55c6105bea80_0, v0x55c6105be8e0_0, v0x55c6105bf250_0, v0x55c6105bf5c0_0;
E_0x55c6105bef90/0 .event edge, v0x55c6105bea80_0, v0x55c6105bf310_0, v0x55c6105bf680_0, v0x55c6105bf760_0;
E_0x55c6105bef90/1 .event edge, v0x55c6105bf840_0, v0x55c6105bf920_0, v0x55c6105bfa00_0, v0x55c6105bfae0_0;
E_0x55c6105bef90/2 .event edge, v0x55c6105bfbc0_0, v0x55c6105bfca0_0, v0x55c6105bfe40_0, v0x55c6105bff00_0;
E_0x55c6105bef90/3 .event edge, v0x55c6105bffe0_0, v0x55c6105c00c0_0, v0x55c6105c01a0_0, v0x55c6105c0280_0;
E_0x55c6105bef90/4 .event edge, v0x55c6105c0360_0, v0x55c6105c0440_0, v0x55c6105bf3f0_0;
E_0x55c6105bef90 .event/or E_0x55c6105bef90/0, E_0x55c6105bef90/1, E_0x55c6105bef90/2, E_0x55c6105bef90/3, E_0x55c6105bef90/4;
S_0x55c6105c1570 .scope module, "e" "execute" 3 35, 7 2 0, S_0x55c610519500;
 .timescale 0 0;
    .port_info 0 /INPUT 32 "data1"
    .port_info 1 /INPUT 32 "data2"
    .port_info 2 /INPUT 32 "sign_extended"
    .port_info 3 /INPUT 32 "PC_next"
    .port_info 4 /INPUT 2 "ALUop"
    .port_info 5 /INPUT 1 "ALUSrc"
    .port_info 6 /OUTPUT 1 "zero"
    .port_info 7 /OUTPUT 32 "alu_result"
    .port_info 8 /OUTPUT 32 "PC_branch"
    .port_info 9 /INPUT 6 "state"
v0x55c6105c3080_0 .net "ALUSrc", 0 0, v0x55c6105be430_0;  alias, 1 drivers
v0x55c6105c3190_0 .net "ALUop", 1 0, v0x55c61059ff80_0;  alias, 1 drivers
v0x55c6105c32e0_0 .var "Function", 5 0;
v0x55c6105c3380_0 .var "PC_branch", 31 0;
v0x55c6105c3460_0 .net "PC_next", 31 0, v0x55c6105c6cf0_0;  alias, 1 drivers
v0x55c6105c3590_0 .net *"_s0", 31 0, L_0x55c6105caaf0;  1 drivers
v0x55c6105c3670_0 .net "alu_result", 31 0, v0x55c6105c2780_0;  alias, 1 drivers
v0x55c6105c3780_0 .net "data1", 31 0, v0x55c6105c0840_0;  alias, 1 drivers
v0x55c6105c3840_0 .net "data2", 31 0, v0x55c6105c08e0_0;  alias, 1 drivers
v0x55c6105c3970_0 .var "operand1", 31 0;
v0x55c6105c3a10_0 .var "operand2", 31 0;
v0x55c6105c3b20_0 .net "sign_extended", 31 0, v0x55c6105c1120_0;  alias, 1 drivers
v0x55c6105c3be0_0 .net "state", 5 0, v0x55c6105ca730_0;  alias, 1 drivers
v0x55c6105c3c80_0 .net "zero", 0 0, L_0x55c6105cab90;  alias, 1 drivers
E_0x55c6105c1860/0 .event edge, v0x55c6105bea80_0, v0x55c6105c1120_0, v0x55c6105c3460_0, v0x55c6105c0840_0;
E_0x55c6105c1860/1 .event edge, v0x55c6105be430_0, v0x55c6105c08e0_0;
E_0x55c6105c1860 .event/or E_0x55c6105c1860/0, E_0x55c6105c1860/1;
L_0x55c6105caaf0 .arith/sub 32, v0x55c6105c3970_0, v0x55c6105c3a10_0;
L_0x55c6105cab90 .part L_0x55c6105caaf0, 0, 1;
S_0x55c6105c18e0 .scope module, "am1" "ALUModule" 7 43, 8 98 0, S_0x55c6105c1570;
 .timescale 0 0;
    .port_info 0 /INPUT 32 "data1"
    .port_info 1 /INPUT 32 "data2"
    .port_info 2 /INPUT 2 "ALUop"
    .port_info 3 /INPUT 6 "Function"
    .port_info 4 /OUTPUT 32 "dataout"
    .port_info 5 /INPUT 6 "state"
v0x55c6105c2a10_0 .net "ALUcontrol", 3 0, v0x55c6105c1e20_0;  1 drivers
v0x55c6105c2af0_0 .net "ALUop", 1 0, v0x55c61059ff80_0;  alias, 1 drivers
v0x55c6105c2bb0_0 .net "Function", 5 0, v0x55c6105c32e0_0;  1 drivers
v0x55c6105c2c50_0 .net "data1", 31 0, v0x55c6105c3970_0;  1 drivers
v0x55c6105c2d20_0 .net "data2", 31 0, v0x55c6105c3a10_0;  1 drivers
v0x55c6105c2e10_0 .net "dataout", 31 0, v0x55c6105c2780_0;  alias, 1 drivers
v0x55c6105c2ee0_0 .net "state", 5 0, v0x55c6105ca730_0;  alias, 1 drivers
S_0x55c6105c1bb0 .scope module, "ac1" "ALUControl" 8 107, 8 2 0, S_0x55c6105c18e0;
 .timescale 0 0;
    .port_info 0 /INPUT 2 "ALUop"
    .port_info 1 /INPUT 6 "Function"
    .port_info 2 /OUTPUT 4 "ALUcontrol"
    .port_info 3 /INPUT 6 "state"
v0x55c6105c1e20_0 .var "ALUcontrol", 3 0;
v0x55c6105c1f20_0 .net "ALUop", 1 0, v0x55c61059ff80_0;  alias, 1 drivers
v0x55c6105c2030_0 .net "Function", 5 0, v0x55c6105c32e0_0;  alias, 1 drivers
v0x55c6105c20f0_0 .net "state", 5 0, v0x55c6105ca730_0;  alias, 1 drivers
E_0x55c6105c1da0 .event edge, v0x55c6105bea80_0, v0x55c61059ff80_0, v0x55c6105c2030_0;
S_0x55c6105c2260 .scope module, "am1" "ALUMain" 8 108, 8 59 0, S_0x55c6105c18e0;
 .timescale 0 0;
    .port_info 0 /INPUT 32 "data1"
    .port_info 1 /INPUT 32 "data2"
    .port_info 2 /INPUT 4 "ALUcontrol"
    .port_info 3 /OUTPUT 32 "dataout"
    .port_info 4 /INPUT 6 "state"
v0x55c6105c24c0_0 .net "ALUcontrol", 3 0, v0x55c6105c1e20_0;  alias, 1 drivers
v0x55c6105c25d0_0 .net "data1", 31 0, v0x55c6105c3970_0;  alias, 1 drivers
v0x55c6105c2690_0 .net "data2", 31 0, v0x55c6105c3a10_0;  alias, 1 drivers
v0x55c6105c2780_0 .var "dataout", 31 0;
v0x55c6105c2860_0 .net "state", 5 0, v0x55c6105ca730_0;  alias, 1 drivers
E_0x55c6105c2450 .event edge, v0x55c6105bea80_0, v0x55c6105c1e20_0, v0x55c6105c25d0_0, v0x55c6105c2690_0;
S_0x55c6105c3e80 .scope module, "f" "fetch" 3 30, 9 4 0, S_0x55c610519500;
 .timescale 0 0;
    .port_info 0 /INPUT 1 "PC_enable"
    .port_info 1 /INPUT 1 "reset"
    .port_info 2 /INPUT 32 "PCIN"
    .port_info 3 /OUTPUT 32 "PCOUT"
    .port_info 4 /OUTPUT 32 "PC_next"
    .port_info 5 /OUTPUT 32 "instruction"
    .port_info 6 /INPUT 6 "state"
v0x55c6105c6a50_0 .net "PCIN", 31 0, v0x55c6105c8280_0;  alias, 1 drivers
v0x55c6105c6b30_0 .net "PCOUT", 31 0, v0x55c6105c6530_0;  alias, 1 drivers
v0x55c6105c6c20_0 .net "PC_enable", 0 0, L_0x7f3be9828018;  alias, 1 drivers
v0x55c6105c6cf0_0 .var "PC_next", 31 0;
v0x55c6105c6dc0_0 .net "instruction", 31 0, v0x55c6105c4970_0;  alias, 1 drivers
v0x55c6105c6f00_0 .net "reset", 0 0, v0x55c6105ca8f0_0;  alias, 1 drivers
v0x55c6105c6fa0_0 .net "state", 5 0, v0x55c6105ca730_0;  alias, 1 drivers
E_0x55c6105c4100 .event edge, v0x55c6105bea80_0, v0x55c6105c4870_0;
S_0x55c6105c4160 .scope module, "im" "instructionmemory" 9 32, 10 1 0, S_0x55c6105c3e80;
 .timescale 0 0;
    .port_info 0 /INPUT 32 "InstrAddr"
    .port_info 1 /OUTPUT 32 "ReadInstruction"
    .port_info 2 /INPUT 6 "state"
v0x55c6105c4870_0 .net "InstrAddr", 31 0, v0x55c6105c6530_0;  alias, 1 drivers
v0x55c6105c4970_0 .var "ReadInstruction", 31 0;
v0x55c6105c4a30 .array "memory", 134 0, 31 0;
v0x55c6105c6000_0 .net "state", 5 0, v0x55c6105ca730_0;  alias, 1 drivers
v0x55c6105c4a30_0 .array/port v0x55c6105c4a30, 0;
v0x55c6105c4a30_1 .array/port v0x55c6105c4a30, 1;
E_0x55c6105c43c0/0 .event edge, v0x55c6105bea80_0, v0x55c6105c4870_0, v0x55c6105c4a30_0, v0x55c6105c4a30_1;
v0x55c6105c4a30_2 .array/port v0x55c6105c4a30, 2;
v0x55c6105c4a30_3 .array/port v0x55c6105c4a30, 3;
v0x55c6105c4a30_4 .array/port v0x55c6105c4a30, 4;
v0x55c6105c4a30_5 .array/port v0x55c6105c4a30, 5;
E_0x55c6105c43c0/1 .event edge, v0x55c6105c4a30_2, v0x55c6105c4a30_3, v0x55c6105c4a30_4, v0x55c6105c4a30_5;
v0x55c6105c4a30_6 .array/port v0x55c6105c4a30, 6;
v0x55c6105c4a30_7 .array/port v0x55c6105c4a30, 7;
v0x55c6105c4a30_8 .array/port v0x55c6105c4a30, 8;
v0x55c6105c4a30_9 .array/port v0x55c6105c4a30, 9;
E_0x55c6105c43c0/2 .event edge, v0x55c6105c4a30_6, v0x55c6105c4a30_7, v0x55c6105c4a30_8, v0x55c6105c4a30_9;
v0x55c6105c4a30_10 .array/port v0x55c6105c4a30, 10;
v0x55c6105c4a30_11 .array/port v0x55c6105c4a30, 11;
v0x55c6105c4a30_12 .array/port v0x55c6105c4a30, 12;
v0x55c6105c4a30_13 .array/port v0x55c6105c4a30, 13;
E_0x55c6105c43c0/3 .event edge, v0x55c6105c4a30_10, v0x55c6105c4a30_11, v0x55c6105c4a30_12, v0x55c6105c4a30_13;
v0x55c6105c4a30_14 .array/port v0x55c6105c4a30, 14;
v0x55c6105c4a30_15 .array/port v0x55c6105c4a30, 15;
v0x55c6105c4a30_16 .array/port v0x55c6105c4a30, 16;
v0x55c6105c4a30_17 .array/port v0x55c6105c4a30, 17;
E_0x55c6105c43c0/4 .event edge, v0x55c6105c4a30_14, v0x55c6105c4a30_15, v0x55c6105c4a30_16, v0x55c6105c4a30_17;
v0x55c6105c4a30_18 .array/port v0x55c6105c4a30, 18;
v0x55c6105c4a30_19 .array/port v0x55c6105c4a30, 19;
v0x55c6105c4a30_20 .array/port v0x55c6105c4a30, 20;
v0x55c6105c4a30_21 .array/port v0x55c6105c4a30, 21;
E_0x55c6105c43c0/5 .event edge, v0x55c6105c4a30_18, v0x55c6105c4a30_19, v0x55c6105c4a30_20, v0x55c6105c4a30_21;
v0x55c6105c4a30_22 .array/port v0x55c6105c4a30, 22;
v0x55c6105c4a30_23 .array/port v0x55c6105c4a30, 23;
v0x55c6105c4a30_24 .array/port v0x55c6105c4a30, 24;
v0x55c6105c4a30_25 .array/port v0x55c6105c4a30, 25;
E_0x55c6105c43c0/6 .event edge, v0x55c6105c4a30_22, v0x55c6105c4a30_23, v0x55c6105c4a30_24, v0x55c6105c4a30_25;
v0x55c6105c4a30_26 .array/port v0x55c6105c4a30, 26;
v0x55c6105c4a30_27 .array/port v0x55c6105c4a30, 27;
v0x55c6105c4a30_28 .array/port v0x55c6105c4a30, 28;
v0x55c6105c4a30_29 .array/port v0x55c6105c4a30, 29;
E_0x55c6105c43c0/7 .event edge, v0x55c6105c4a30_26, v0x55c6105c4a30_27, v0x55c6105c4a30_28, v0x55c6105c4a30_29;
v0x55c6105c4a30_30 .array/port v0x55c6105c4a30, 30;
v0x55c6105c4a30_31 .array/port v0x55c6105c4a30, 31;
v0x55c6105c4a30_32 .array/port v0x55c6105c4a30, 32;
v0x55c6105c4a30_33 .array/port v0x55c6105c4a30, 33;
E_0x55c6105c43c0/8 .event edge, v0x55c6105c4a30_30, v0x55c6105c4a30_31, v0x55c6105c4a30_32, v0x55c6105c4a30_33;
v0x55c6105c4a30_34 .array/port v0x55c6105c4a30, 34;
v0x55c6105c4a30_35 .array/port v0x55c6105c4a30, 35;
v0x55c6105c4a30_36 .array/port v0x55c6105c4a30, 36;
v0x55c6105c4a30_37 .array/port v0x55c6105c4a30, 37;
E_0x55c6105c43c0/9 .event edge, v0x55c6105c4a30_34, v0x55c6105c4a30_35, v0x55c6105c4a30_36, v0x55c6105c4a30_37;
v0x55c6105c4a30_38 .array/port v0x55c6105c4a30, 38;
v0x55c6105c4a30_39 .array/port v0x55c6105c4a30, 39;
v0x55c6105c4a30_40 .array/port v0x55c6105c4a30, 40;
v0x55c6105c4a30_41 .array/port v0x55c6105c4a30, 41;
E_0x55c6105c43c0/10 .event edge, v0x55c6105c4a30_38, v0x55c6105c4a30_39, v0x55c6105c4a30_40, v0x55c6105c4a30_41;
v0x55c6105c4a30_42 .array/port v0x55c6105c4a30, 42;
v0x55c6105c4a30_43 .array/port v0x55c6105c4a30, 43;
v0x55c6105c4a30_44 .array/port v0x55c6105c4a30, 44;
v0x55c6105c4a30_45 .array/port v0x55c6105c4a30, 45;
E_0x55c6105c43c0/11 .event edge, v0x55c6105c4a30_42, v0x55c6105c4a30_43, v0x55c6105c4a30_44, v0x55c6105c4a30_45;
v0x55c6105c4a30_46 .array/port v0x55c6105c4a30, 46;
v0x55c6105c4a30_47 .array/port v0x55c6105c4a30, 47;
v0x55c6105c4a30_48 .array/port v0x55c6105c4a30, 48;
v0x55c6105c4a30_49 .array/port v0x55c6105c4a30, 49;
E_0x55c6105c43c0/12 .event edge, v0x55c6105c4a30_46, v0x55c6105c4a30_47, v0x55c6105c4a30_48, v0x55c6105c4a30_49;
v0x55c6105c4a30_50 .array/port v0x55c6105c4a30, 50;
v0x55c6105c4a30_51 .array/port v0x55c6105c4a30, 51;
v0x55c6105c4a30_52 .array/port v0x55c6105c4a30, 52;
v0x55c6105c4a30_53 .array/port v0x55c6105c4a30, 53;
E_0x55c6105c43c0/13 .event edge, v0x55c6105c4a30_50, v0x55c6105c4a30_51, v0x55c6105c4a30_52, v0x55c6105c4a30_53;
v0x55c6105c4a30_54 .array/port v0x55c6105c4a30, 54;
v0x55c6105c4a30_55 .array/port v0x55c6105c4a30, 55;
v0x55c6105c4a30_56 .array/port v0x55c6105c4a30, 56;
v0x55c6105c4a30_57 .array/port v0x55c6105c4a30, 57;
E_0x55c6105c43c0/14 .event edge, v0x55c6105c4a30_54, v0x55c6105c4a30_55, v0x55c6105c4a30_56, v0x55c6105c4a30_57;
v0x55c6105c4a30_58 .array/port v0x55c6105c4a30, 58;
v0x55c6105c4a30_59 .array/port v0x55c6105c4a30, 59;
v0x55c6105c4a30_60 .array/port v0x55c6105c4a30, 60;
v0x55c6105c4a30_61 .array/port v0x55c6105c4a30, 61;
E_0x55c6105c43c0/15 .event edge, v0x55c6105c4a30_58, v0x55c6105c4a30_59, v0x55c6105c4a30_60, v0x55c6105c4a30_61;
v0x55c6105c4a30_62 .array/port v0x55c6105c4a30, 62;
v0x55c6105c4a30_63 .array/port v0x55c6105c4a30, 63;
v0x55c6105c4a30_64 .array/port v0x55c6105c4a30, 64;
v0x55c6105c4a30_65 .array/port v0x55c6105c4a30, 65;
E_0x55c6105c43c0/16 .event edge, v0x55c6105c4a30_62, v0x55c6105c4a30_63, v0x55c6105c4a30_64, v0x55c6105c4a30_65;
v0x55c6105c4a30_66 .array/port v0x55c6105c4a30, 66;
v0x55c6105c4a30_67 .array/port v0x55c6105c4a30, 67;
v0x55c6105c4a30_68 .array/port v0x55c6105c4a30, 68;
v0x55c6105c4a30_69 .array/port v0x55c6105c4a30, 69;
E_0x55c6105c43c0/17 .event edge, v0x55c6105c4a30_66, v0x55c6105c4a30_67, v0x55c6105c4a30_68, v0x55c6105c4a30_69;
v0x55c6105c4a30_70 .array/port v0x55c6105c4a30, 70;
v0x55c6105c4a30_71 .array/port v0x55c6105c4a30, 71;
v0x55c6105c4a30_72 .array/port v0x55c6105c4a30, 72;
v0x55c6105c4a30_73 .array/port v0x55c6105c4a30, 73;
E_0x55c6105c43c0/18 .event edge, v0x55c6105c4a30_70, v0x55c6105c4a30_71, v0x55c6105c4a30_72, v0x55c6105c4a30_73;
v0x55c6105c4a30_74 .array/port v0x55c6105c4a30, 74;
v0x55c6105c4a30_75 .array/port v0x55c6105c4a30, 75;
v0x55c6105c4a30_76 .array/port v0x55c6105c4a30, 76;
v0x55c6105c4a30_77 .array/port v0x55c6105c4a30, 77;
E_0x55c6105c43c0/19 .event edge, v0x55c6105c4a30_74, v0x55c6105c4a30_75, v0x55c6105c4a30_76, v0x55c6105c4a30_77;
v0x55c6105c4a30_78 .array/port v0x55c6105c4a30, 78;
v0x55c6105c4a30_79 .array/port v0x55c6105c4a30, 79;
v0x55c6105c4a30_80 .array/port v0x55c6105c4a30, 80;
v0x55c6105c4a30_81 .array/port v0x55c6105c4a30, 81;
E_0x55c6105c43c0/20 .event edge, v0x55c6105c4a30_78, v0x55c6105c4a30_79, v0x55c6105c4a30_80, v0x55c6105c4a30_81;
v0x55c6105c4a30_82 .array/port v0x55c6105c4a30, 82;
v0x55c6105c4a30_83 .array/port v0x55c6105c4a30, 83;
v0x55c6105c4a30_84 .array/port v0x55c6105c4a30, 84;
v0x55c6105c4a30_85 .array/port v0x55c6105c4a30, 85;
E_0x55c6105c43c0/21 .event edge, v0x55c6105c4a30_82, v0x55c6105c4a30_83, v0x55c6105c4a30_84, v0x55c6105c4a30_85;
v0x55c6105c4a30_86 .array/port v0x55c6105c4a30, 86;
v0x55c6105c4a30_87 .array/port v0x55c6105c4a30, 87;
v0x55c6105c4a30_88 .array/port v0x55c6105c4a30, 88;
v0x55c6105c4a30_89 .array/port v0x55c6105c4a30, 89;
E_0x55c6105c43c0/22 .event edge, v0x55c6105c4a30_86, v0x55c6105c4a30_87, v0x55c6105c4a30_88, v0x55c6105c4a30_89;
v0x55c6105c4a30_90 .array/port v0x55c6105c4a30, 90;
v0x55c6105c4a30_91 .array/port v0x55c6105c4a30, 91;
v0x55c6105c4a30_92 .array/port v0x55c6105c4a30, 92;
v0x55c6105c4a30_93 .array/port v0x55c6105c4a30, 93;
E_0x55c6105c43c0/23 .event edge, v0x55c6105c4a30_90, v0x55c6105c4a30_91, v0x55c6105c4a30_92, v0x55c6105c4a30_93;
v0x55c6105c4a30_94 .array/port v0x55c6105c4a30, 94;
v0x55c6105c4a30_95 .array/port v0x55c6105c4a30, 95;
v0x55c6105c4a30_96 .array/port v0x55c6105c4a30, 96;
v0x55c6105c4a30_97 .array/port v0x55c6105c4a30, 97;
E_0x55c6105c43c0/24 .event edge, v0x55c6105c4a30_94, v0x55c6105c4a30_95, v0x55c6105c4a30_96, v0x55c6105c4a30_97;
v0x55c6105c4a30_98 .array/port v0x55c6105c4a30, 98;
v0x55c6105c4a30_99 .array/port v0x55c6105c4a30, 99;
v0x55c6105c4a30_100 .array/port v0x55c6105c4a30, 100;
v0x55c6105c4a30_101 .array/port v0x55c6105c4a30, 101;
E_0x55c6105c43c0/25 .event edge, v0x55c6105c4a30_98, v0x55c6105c4a30_99, v0x55c6105c4a30_100, v0x55c6105c4a30_101;
v0x55c6105c4a30_102 .array/port v0x55c6105c4a30, 102;
v0x55c6105c4a30_103 .array/port v0x55c6105c4a30, 103;
v0x55c6105c4a30_104 .array/port v0x55c6105c4a30, 104;
v0x55c6105c4a30_105 .array/port v0x55c6105c4a30, 105;
E_0x55c6105c43c0/26 .event edge, v0x55c6105c4a30_102, v0x55c6105c4a30_103, v0x55c6105c4a30_104, v0x55c6105c4a30_105;
v0x55c6105c4a30_106 .array/port v0x55c6105c4a30, 106;
v0x55c6105c4a30_107 .array/port v0x55c6105c4a30, 107;
v0x55c6105c4a30_108 .array/port v0x55c6105c4a30, 108;
v0x55c6105c4a30_109 .array/port v0x55c6105c4a30, 109;
E_0x55c6105c43c0/27 .event edge, v0x55c6105c4a30_106, v0x55c6105c4a30_107, v0x55c6105c4a30_108, v0x55c6105c4a30_109;
v0x55c6105c4a30_110 .array/port v0x55c6105c4a30, 110;
v0x55c6105c4a30_111 .array/port v0x55c6105c4a30, 111;
v0x55c6105c4a30_112 .array/port v0x55c6105c4a30, 112;
v0x55c6105c4a30_113 .array/port v0x55c6105c4a30, 113;
E_0x55c6105c43c0/28 .event edge, v0x55c6105c4a30_110, v0x55c6105c4a30_111, v0x55c6105c4a30_112, v0x55c6105c4a30_113;
v0x55c6105c4a30_114 .array/port v0x55c6105c4a30, 114;
v0x55c6105c4a30_115 .array/port v0x55c6105c4a30, 115;
v0x55c6105c4a30_116 .array/port v0x55c6105c4a30, 116;
v0x55c6105c4a30_117 .array/port v0x55c6105c4a30, 117;
E_0x55c6105c43c0/29 .event edge, v0x55c6105c4a30_114, v0x55c6105c4a30_115, v0x55c6105c4a30_116, v0x55c6105c4a30_117;
v0x55c6105c4a30_118 .array/port v0x55c6105c4a30, 118;
v0x55c6105c4a30_119 .array/port v0x55c6105c4a30, 119;
v0x55c6105c4a30_120 .array/port v0x55c6105c4a30, 120;
v0x55c6105c4a30_121 .array/port v0x55c6105c4a30, 121;
E_0x55c6105c43c0/30 .event edge, v0x55c6105c4a30_118, v0x55c6105c4a30_119, v0x55c6105c4a30_120, v0x55c6105c4a30_121;
v0x55c6105c4a30_122 .array/port v0x55c6105c4a30, 122;
v0x55c6105c4a30_123 .array/port v0x55c6105c4a30, 123;
v0x55c6105c4a30_124 .array/port v0x55c6105c4a30, 124;
v0x55c6105c4a30_125 .array/port v0x55c6105c4a30, 125;
E_0x55c6105c43c0/31 .event edge, v0x55c6105c4a30_122, v0x55c6105c4a30_123, v0x55c6105c4a30_124, v0x55c6105c4a30_125;
v0x55c6105c4a30_126 .array/port v0x55c6105c4a30, 126;
v0x55c6105c4a30_127 .array/port v0x55c6105c4a30, 127;
v0x55c6105c4a30_128 .array/port v0x55c6105c4a30, 128;
v0x55c6105c4a30_129 .array/port v0x55c6105c4a30, 129;
E_0x55c6105c43c0/32 .event edge, v0x55c6105c4a30_126, v0x55c6105c4a30_127, v0x55c6105c4a30_128, v0x55c6105c4a30_129;
v0x55c6105c4a30_130 .array/port v0x55c6105c4a30, 130;
v0x55c6105c4a30_131 .array/port v0x55c6105c4a30, 131;
v0x55c6105c4a30_132 .array/port v0x55c6105c4a30, 132;
v0x55c6105c4a30_133 .array/port v0x55c6105c4a30, 133;
E_0x55c6105c43c0/33 .event edge, v0x55c6105c4a30_130, v0x55c6105c4a30_131, v0x55c6105c4a30_132, v0x55c6105c4a30_133;
v0x55c6105c4a30_134 .array/port v0x55c6105c4a30, 134;
E_0x55c6105c43c0/34 .event edge, v0x55c6105c4a30_134;
E_0x55c6105c43c0 .event/or E_0x55c6105c43c0/0, E_0x55c6105c43c0/1, E_0x55c6105c43c0/2, E_0x55c6105c43c0/3, E_0x55c6105c43c0/4, E_0x55c6105c43c0/5, E_0x55c6105c43c0/6, E_0x55c6105c43c0/7, E_0x55c6105c43c0/8, E_0x55c6105c43c0/9, E_0x55c6105c43c0/10, E_0x55c6105c43c0/11, E_0x55c6105c43c0/12, E_0x55c6105c43c0/13, E_0x55c6105c43c0/14, E_0x55c6105c43c0/15, E_0x55c6105c43c0/16, E_0x55c6105c43c0/17, E_0x55c6105c43c0/18, E_0x55c6105c43c0/19, E_0x55c6105c43c0/20, E_0x55c6105c43c0/21, E_0x55c6105c43c0/22, E_0x55c6105c43c0/23, E_0x55c6105c43c0/24, E_0x55c6105c43c0/25, E_0x55c6105c43c0/26, E_0x55c6105c43c0/27, E_0x55c6105c43c0/28, E_0x55c6105c43c0/29, E_0x55c6105c43c0/30, E_0x55c6105c43c0/31, E_0x55c6105c43c0/32, E_0x55c6105c43c0/33, E_0x55c6105c43c0/34;
S_0x55c6105c6140 .scope module, "pc" "ProgramCounter" 9 31, 11 1 0, S_0x55c6105c3e80;
 .timescale 0 0;
    .port_info 0 /INPUT 1 "PC_enable"
    .port_info 1 /INPUT 1 "reset"
    .port_info 2 /INPUT 32 "PCIN"
    .port_info 3 /OUTPUT 32 "PCOUT"
    .port_info 4 /INPUT 6 "state"
v0x55c6105c6430_0 .net "PCIN", 31 0, v0x55c6105c8280_0;  alias, 1 drivers
v0x55c6105c6530_0 .var "PCOUT", 31 0;
v0x55c6105c6620_0 .net "PC_enable", 0 0, L_0x7f3be9828018;  alias, 1 drivers
v0x55c6105c66f0_0 .net "reset", 0 0, v0x55c6105ca8f0_0;  alias, 1 drivers
v0x55c6105c6790_0 .net "state", 5 0, v0x55c6105ca730_0;  alias, 1 drivers
E_0x55c6105c63c0 .event edge, v0x55c6105bea80_0, v0x55c6105c6620_0, v0x55c6105c66f0_0, v0x55c6105c6430_0;
S_0x55c6105c7140 .scope module, "m" "mem_access" 3 38, 12 2 0, S_0x55c610519500;
 .timescale 0 0;
    .port_info 0 /INPUT 1 "CLK"
    .port_info 1 /INPUT 32 "WriteData"
    .port_info 2 /INPUT 32 "Addr"
    .port_info 3 /INPUT 1 "DR"
    .port_info 4 /INPUT 1 "DW"
    .port_info 5 /OUTPUT 32 "ReadData"
    .port_info 6 /INPUT 1 "Zero"
    .port_info 7 /INPUT 1 "branch"
    .port_info 8 /OUTPUT 32 "PC_new"
    .port_info 9 /INPUT 32 "PC_beq"
    .port_info 10 /INPUT 32 "PC_next"
    .port_info 11 /INPUT 6 "state"
v0x55c6105c7f00_0 .net "Addr", 31 0, v0x55c6105c2780_0;  alias, 1 drivers
v0x55c6105c7fe0_0 .net "CLK", 0 0, v0x55c6105ca850_0;  alias, 1 drivers
v0x55c6105c80a0_0 .net "DR", 0 0, v0x55c6105be590_0;  alias, 1 drivers
v0x55c6105c8140_0 .net "DW", 0 0, v0x55c6105be760_0;  alias, 1 drivers
v0x55c6105c81e0_0 .net "PC_beq", 31 0, v0x55c6105c3380_0;  alias, 1 drivers
v0x55c6105c8280_0 .var "PC_new", 31 0;
v0x55c6105c8370_0 .net "PC_next", 31 0, v0x55c6105c6cf0_0;  alias, 1 drivers
v0x55c6105c8460_0 .net "ReadData", 31 0, v0x55c6105c7a40_0;  alias, 1 drivers
v0x55c6105c8500_0 .net "WriteData", 31 0, v0x55c6105c08e0_0;  alias, 1 drivers
v0x55c6105c8630_0 .net "Zero", 0 0, L_0x55c6105cab90;  alias, 1 drivers
v0x55c6105c86d0_0 .net "branch", 0 0, v0x55c6105be4f0_0;  alias, 1 drivers
v0x55c6105c8770_0 .net "state", 5 0, v0x55c6105ca730_0;  alias, 1 drivers
E_0x55c6105c1ad0/0 .event edge, v0x55c6105bea80_0, v0x55c6105be4f0_0, v0x55c6105c3c80_0, v0x55c6105c3380_0;
E_0x55c6105c1ad0/1 .event edge, v0x55c6105c3460_0;
E_0x55c6105c1ad0 .event/or E_0x55c6105c1ad0/0, E_0x55c6105c1ad0/1;
S_0x55c6105c7360 .scope module, "dm" "datamemory" 12 21, 13 1 0, S_0x55c6105c7140;
 .timescale 0 0;
    .port_info 0 /INPUT 1 "CLK"
    .port_info 1 /INPUT 32 "WriteData"
    .port_info 2 /INPUT 32 "Addr"
    .port_info 3 /INPUT 1 "DR"
    .port_info 4 /INPUT 1 "DW"
    .port_info 5 /OUTPUT 32 "ReadData"
    .port_info 6 /INPUT 6 "state"
v0x55c6105c76c0_0 .net "Addr", 31 0, v0x55c6105c2780_0;  alias, 1 drivers
v0x55c6105c77a0_0 .net "CLK", 0 0, v0x55c6105ca850_0;  alias, 1 drivers
v0x55c6105c7860_0 .net "DR", 0 0, v0x55c6105be590_0;  alias, 1 drivers
v0x55c6105c7950_0 .net "DW", 0 0, v0x55c6105be760_0;  alias, 1 drivers
v0x55c6105c7a40_0 .var "ReadData", 31 0;
v0x55c6105c7b50_0 .net "WriteData", 31 0, v0x55c6105c08e0_0;  alias, 1 drivers
v0x55c6105c7c60 .array "memory", 183 0, 7 0;
v0x55c6105c7d20_0 .net "state", 5 0, v0x55c6105ca730_0;  alias, 1 drivers
E_0x55c6105c7640 .event posedge, v0x55c6105c77a0_0;
S_0x55c6105c8a00 .scope module, "w" "writeback" 3 41, 14 1 0, S_0x55c610519500;
 .timescale 0 0;
    .port_info 0 /INPUT 32 "Readdata"
    .port_info 1 /INPUT 32 "AluResult"
    .port_info 2 /INPUT 1 "MemtoReg"
    .port_info 3 /OUTPUT 32 "writedata"
    .port_info 4 /INPUT 6 "state"
v0x55c6105c8cf0_0 .net "AluResult", 31 0, v0x55c6105c2780_0;  alias, 1 drivers
v0x55c6105c8dd0_0 .net "MemtoReg", 0 0, v0x55c6105be650_0;  alias, 1 drivers
v0x55c6105c8ee0_0 .net "Readdata", 31 0, v0x55c6105c7a40_0;  alias, 1 drivers
v0x55c6105c8fd0_0 .net "state", 5 0, v0x55c6105ca730_0;  alias, 1 drivers
v0x55c6105c9070_0 .var "writedata", 31 0;
E_0x55c6105c7550 .event edge, v0x55c6105bea80_0, v0x55c6105be650_0, v0x55c6105c7a40_0, v0x55c6105c2780_0;
    .scope S_0x55c6105c6140;
T_0 ;
    %wait E_0x55c6105c63c0;
    %load/vec4 v0x55c6105c6790_0;
    %cmpi/e 1, 0, 6;
    %jmp/0xz  T_0.0, 4;
    %load/vec4 v0x55c6105c6620_0;
    %load/vec4 v0x55c6105c66f0_0;
    %nor/r;
    %and;
    %flag_set/vec4 8;
    %jmp/0xz  T_0.2, 8;
    %load/vec4 v0x55c6105c6430_0;
    %store/vec4 v0x55c6105c6530_0, 0, 32;
    %jmp T_0.3;
T_0.2 ;
    %load/vec4 v0x55c6105c66f0_0;
    %flag_set/vec4 8;
    %jmp/0xz  T_0.4, 8;
    %pushi/vec4 0, 0, 32;
    %store/vec4 v0x55c6105c6530_0, 0, 32;
    %jmp T_0.5;
T_0.4 ;
    %pushi/vec4 0, 4294967295, 32;
    %store/vec4 v0x55c6105c6530_0, 0, 32;
T_0.5 ;
T_0.3 ;
T_0.0 ;
    %jmp T_0;
    .thread T_0, $push;
    .scope S_0x55c6105c4160;
T_1 ;
    %wait E_0x55c6105c43c0;
    %load/vec4 v0x55c6105c6000_0;
    %cmpi/e 2, 0, 6;
    %jmp/0xz  T_1.0, 4;
    %ix/getv 4, v0x55c6105c4870_0;
    %load/vec4a v0x55c6105c4a30, 4;
    %store/vec4 v0x55c6105c4970_0, 0, 32;
T_1.0 ;
    %jmp T_1;
    .thread T_1, $push;
    .scope S_0x55c6105c3e80;
T_2 ;
    %wait E_0x55c6105c4100;
    %load/vec4 v0x55c6105c6fa0_0;
    %cmpi/e 1, 0, 6;
    %jmp/0xz  T_2.0, 4;
    %load/vec4 v0x55c6105c6b30_0;
    %addi 1, 0, 32;
    %store/vec4 v0x55c6105c6cf0_0, 0, 32;
T_2.0 ;
    %jmp T_2;
    .thread T_2, $push;
    .scope S_0x55c61055c460;
T_3 ;
    %wait E_0x55c6105a14c0;
    %load/vec4 v0x55c6105bea80_0;
    %cmpi/e 2, 0, 6;
    %jmp/0xz  T_3.0, 4;
    %load/vec4 v0x55c6105be9a0_0;
    %cmpi/e 0, 0, 6;
    %jmp/0xz  T_3.2, 4;
    %pushi/vec4 1, 0, 1;
    %store/vec4 v0x55c6105be820_0, 0, 1;
    %pushi/vec4 0, 0, 1;
    %store/vec4 v0x55c6105be430_0, 0, 1;
    %pushi/vec4 0, 0, 1;
    %store/vec4 v0x55c6105be650_0, 0, 1;
    %pushi/vec4 1, 0, 1;
    %store/vec4 v0x55c6105be8e0_0, 0, 1;
    %pushi/vec4 0, 0, 1;
    %store/vec4 v0x55c6105be590_0, 0, 1;
    %pushi/vec4 0, 0, 1;
    %store/vec4 v0x55c6105be760_0, 0, 1;
    %pushi/vec4 0, 0, 1;
    %store/vec4 v0x55c6105be4f0_0, 0, 1;
    %pushi/vec4 2, 0, 2;
    %store/vec4 v0x55c61059ff80_0, 0, 2;
T_3.2 ;
    %load/vec4 v0x55c6105be9a0_0;
    %cmpi/e 28, 0, 6;
    %jmp/0xz  T_3.4, 4;
    %pushi/vec4 0, 0, 1;
    %store/vec4 v0x55c6105be820_0, 0, 1;
    %pushi/vec4 1, 0, 1;
    %store/vec4 v0x55c6105be430_0, 0, 1;
    %pushi/vec4 1, 0, 1;
    %store/vec4 v0x55c6105be650_0, 0, 1;
    %pushi/vec4 1, 0, 1;
    %store/vec4 v0x55c6105be8e0_0, 0, 1;
    %pushi/vec4 1, 0, 1;
    %store/vec4 v0x55c6105be590_0, 0, 1;
    %pushi/vec4 0, 0, 1;
    %store/vec4 v0x55c6105be760_0, 0, 1;
    %pushi/vec4 0, 0, 1;
    %store/vec4 v0x55c6105be4f0_0, 0, 1;
    %pushi/vec4 0, 0, 2;
    %store/vec4 v0x55c61059ff80_0, 0, 2;
T_3.4 ;
    %load/vec4 v0x55c6105be9a0_0;
    %cmpi/e 29, 0, 6;
    %jmp/0xz  T_3.6, 4;
    %pushi/vec4 0, 0, 1;
    %store/vec4 v0x55c6105be820_0, 0, 1;
    %pushi/vec4 1, 0, 1;
    %store/vec4 v0x55c6105be430_0, 0, 1;
    %pushi/vec4 0, 0, 1;
    %store/vec4 v0x55c6105be650_0, 0, 1;
    %pushi/vec4 0, 0, 1;
    %store/vec4 v0x55c6105be8e0_0, 0, 1;
    %pushi/vec4 0, 0, 1;
    %store/vec4 v0x55c6105be590_0, 0, 1;
    %pushi/vec4 1, 0, 1;
    %store/vec4 v0x55c6105be760_0, 0, 1;
    %pushi/vec4 0, 0, 1;
    %store/vec4 v0x55c6105be4f0_0, 0, 1;
    %pushi/vec4 0, 0, 2;
    %store/vec4 v0x55c61059ff80_0, 0, 2;
T_3.6 ;
    %load/vec4 v0x55c6105be9a0_0;
    %cmpi/e 32, 0, 6;
    %jmp/0xz  T_3.8, 4;
    %pushi/vec4 0, 0, 1;
    %store/vec4 v0x55c6105be820_0, 0, 1;
    %pushi/vec4 0, 0, 1;
    %store/vec4 v0x55c6105be430_0, 0, 1;
    %pushi/vec4 0, 0, 1;
    %store/vec4 v0x55c6105be650_0, 0, 1;
    %pushi/vec4 0, 0, 1;
    %store/vec4 v0x55c6105be8e0_0, 0, 1;
    %pushi/vec4 0, 0, 1;
    %store/vec4 v0x55c6105be590_0, 0, 1;
    %pushi/vec4 0, 0, 1;
    %store/vec4 v0x55c6105be760_0, 0, 1;
    %pushi/vec4 1, 0, 1;
    %store/vec4 v0x55c6105be4f0_0, 0, 1;
    %pushi/vec4 1, 0, 2;
    %store/vec4 v0x55c61059ff80_0, 0, 2;
T_3.8 ;
T_3.0 ;
    %jmp T_3;
    .thread T_3, $push;
    .scope S_0x55c6105beca0;
T_4 ;
    %wait E_0x55c6105bef90;
    %load/vec4 v0x55c6105bfd80_0;
    %cmpi/e 2, 0, 6;
    %jmp/0xz  T_4.0, 4;
    %load/vec4 v0x55c6105bf310_0;
    %cmpi/e 0, 0, 5;
    %jmp/0xz  T_4.2, 4;
    %pushi/vec4 0, 0, 32;
    %store/vec4 v0x55c6105bf070_0, 0, 32;
    %jmp T_4.3;
T_4.2 ;
    %load/vec4 v0x55c6105bf310_0;
    %cmpi/e 8, 0, 5;
    %jmp/0xz  T_4.4, 4;
    %load/vec4 v0x55c6105bf680_0;
    %store/vec4 v0x55c6105bf070_0, 0, 32;
    %jmp T_4.5;
T_4.4 ;
    %load/vec4 v0x55c6105bf310_0;
    %cmpi/e 9, 0, 5;
    %jmp/0xz  T_4.6, 4;
    %load/vec4 v0x55c6105bf760_0;
    %store/vec4 v0x55c6105bf070_0, 0, 32;
    %jmp T_4.7;
T_4.6 ;
    %load/vec4 v0x55c6105bf310_0;
    %cmpi/e 10, 0, 5;
    %jmp/0xz  T_4.8, 4;
    %load/vec4 v0x55c6105bf840_0;
    %store/vec4 v0x55c6105bf070_0, 0, 32;
    %jmp T_4.9;
T_4.8 ;
    %load/vec4 v0x55c6105bf310_0;
    %cmpi/e 11, 0, 5;
    %jmp/0xz  T_4.10, 4;
    %load/vec4 v0x55c6105bf920_0;
    %store/vec4 v0x55c6105bf070_0, 0, 32;
    %jmp T_4.11;
T_4.10 ;
    %load/vec4 v0x55c6105bf310_0;
    %cmpi/e 12, 0, 5;
    %jmp/0xz  T_4.12, 4;
    %load/vec4 v0x55c6105bfa00_0;
    %store/vec4 v0x55c6105bf070_0, 0, 32;
    %jmp T_4.13;
T_4.12 ;
    %load/vec4 v0x55c6105bf310_0;
    %cmpi/e 13, 0, 5;
    %jmp/0xz  T_4.14, 4;
    %load/vec4 v0x55c6105bfae0_0;
    %store/vec4 v0x55c6105bf070_0, 0, 32;
    %jmp T_4.15;
T_4.14 ;
    %load/vec4 v0x55c6105bf310_0;
    %cmpi/e 14, 0, 5;
    %jmp/0xz  T_4.16, 4;
    %load/vec4 v0x55c6105bfbc0_0;
    %store/vec4 v0x55c6105bf070_0, 0, 32;
    %jmp T_4.17;
T_4.16 ;
    %load/vec4 v0x55c6105bf310_0;
    %cmpi/e 15, 0, 5;
    %jmp/0xz  T_4.18, 4;
    %load/vec4 v0x55c6105bfca0_0;
    %store/vec4 v0x55c6105bf070_0, 0, 32;
    %jmp T_4.19;
T_4.18 ;
    %load/vec4 v0x55c6105bf310_0;
    %cmpi/e 16, 0, 5;
    %jmp/0xz  T_4.20, 4;
    %load/vec4 v0x55c6105bfe40_0;
    %store/vec4 v0x55c6105bf070_0, 0, 32;
    %jmp T_4.21;
T_4.20 ;
    %load/vec4 v0x55c6105bf310_0;
    %cmpi/e 17, 0, 5;
    %jmp/0xz  T_4.22, 4;
    %load/vec4 v0x55c6105bff00_0;
    %store/vec4 v0x55c6105bf070_0, 0, 32;
    %jmp T_4.23;
T_4.22 ;
    %load/vec4 v0x55c6105bf310_0;
    %cmpi/e 18, 0, 5;
    %jmp/0xz  T_4.24, 4;
    %load/vec4 v0x55c6105bffe0_0;
    %store/vec4 v0x55c6105bf070_0, 0, 32;
    %jmp T_4.25;
T_4.24 ;
    %load/vec4 v0x55c6105bf310_0;
    %cmpi/e 19, 0, 5;
    %jmp/0xz  T_4.26, 4;
    %load/vec4 v0x55c6105c00c0_0;
    %store/vec4 v0x55c6105bf070_0, 0, 32;
    %jmp T_4.27;
T_4.26 ;
    %load/vec4 v0x55c6105bf310_0;
    %cmpi/e 20, 0, 5;
    %jmp/0xz  T_4.28, 4;
    %load/vec4 v0x55c6105c01a0_0;
    %store/vec4 v0x55c6105bf070_0, 0, 32;
    %jmp T_4.29;
T_4.28 ;
    %load/vec4 v0x55c6105bf310_0;
    %cmpi/e 21, 0, 5;
    %jmp/0xz  T_4.30, 4;
    %load/vec4 v0x55c6105c0280_0;
    %store/vec4 v0x55c6105bf070_0, 0, 32;
    %jmp T_4.31;
T_4.30 ;
    %load/vec4 v0x55c6105bf310_0;
    %cmpi/e 22, 0, 5;
    %jmp/0xz  T_4.32, 4;
    %load/vec4 v0x55c6105c0360_0;
    %store/vec4 v0x55c6105bf070_0, 0, 32;
    %jmp T_4.33;
T_4.32 ;
    %load/vec4 v0x55c6105bf310_0;
    %cmpi/e 23, 0, 5;
    %jmp/0xz  T_4.34, 4;
    %load/vec4 v0x55c6105c0440_0;
    %store/vec4 v0x55c6105bf070_0, 0, 32;
    %jmp T_4.35;
T_4.34 ;
    %pushi/vec4 0, 4294967295, 32;
    %store/vec4 v0x55c6105bf070_0, 0, 32;
T_4.35 ;
T_4.33 ;
T_4.31 ;
T_4.29 ;
T_4.27 ;
T_4.25 ;
T_4.23 ;
T_4.21 ;
T_4.19 ;
T_4.17 ;
T_4.15 ;
T_4.13 ;
T_4.11 ;
T_4.9 ;
T_4.7 ;
T_4.5 ;
T_4.3 ;
    %load/vec4 v0x55c6105bf3f0_0;
    %cmpi/e 8, 0, 5;
    %jmp/0xz  T_4.36, 4;
    %load/vec4 v0x55c6105bf680_0;
    %store/vec4 v0x55c6105bf170_0, 0, 32;
    %jmp T_4.37;
T_4.36 ;
    %load/vec4 v0x55c6105bf3f0_0;
    %cmpi/e 9, 0, 5;
    %jmp/0xz  T_4.38, 4;
    %load/vec4 v0x55c6105bf760_0;
    %store/vec4 v0x55c6105bf170_0, 0, 32;
    %jmp T_4.39;
T_4.38 ;
    %load/vec4 v0x55c6105bf3f0_0;
    %cmpi/e 10, 0, 5;
    %jmp/0xz  T_4.40, 4;
    %load/vec4 v0x55c6105bf840_0;
    %store/vec4 v0x55c6105bf170_0, 0, 32;
    %jmp T_4.41;
T_4.40 ;
    %load/vec4 v0x55c6105bf3f0_0;
    %cmpi/e 11, 0, 5;
    %jmp/0xz  T_4.42, 4;
    %load/vec4 v0x55c6105bf920_0;
    %store/vec4 v0x55c6105bf170_0, 0, 32;
    %jmp T_4.43;
T_4.42 ;
    %load/vec4 v0x55c6105bf3f0_0;
    %cmpi/e 12, 0, 5;
    %jmp/0xz  T_4.44, 4;
    %load/vec4 v0x55c6105bfa00_0;
    %store/vec4 v0x55c6105bf170_0, 0, 32;
    %jmp T_4.45;
T_4.44 ;
    %load/vec4 v0x55c6105bf3f0_0;
    %cmpi/e 13, 0, 5;
    %jmp/0xz  T_4.46, 4;
    %load/vec4 v0x55c6105bfae0_0;
    %store/vec4 v0x55c6105bf170_0, 0, 32;
    %jmp T_4.47;
T_4.46 ;
    %load/vec4 v0x55c6105bf3f0_0;
    %cmpi/e 14, 0, 5;
    %jmp/0xz  T_4.48, 4;
    %load/vec4 v0x55c6105bfbc0_0;
    %store/vec4 v0x55c6105bf170_0, 0, 32;
    %jmp T_4.49;
T_4.48 ;
    %load/vec4 v0x55c6105bf3f0_0;
    %cmpi/e 15, 0, 5;
    %jmp/0xz  T_4.50, 4;
    %load/vec4 v0x55c6105bfca0_0;
    %store/vec4 v0x55c6105bf170_0, 0, 32;
    %jmp T_4.51;
T_4.50 ;
    %load/vec4 v0x55c6105bf3f0_0;
    %cmpi/e 16, 0, 5;
    %jmp/0xz  T_4.52, 4;
    %load/vec4 v0x55c6105bfe40_0;
    %store/vec4 v0x55c6105bf170_0, 0, 32;
    %jmp T_4.53;
T_4.52 ;
    %load/vec4 v0x55c6105bf3f0_0;
    %cmpi/e 17, 0, 5;
    %jmp/0xz  T_4.54, 4;
    %load/vec4 v0x55c6105bff00_0;
    %store/vec4 v0x55c6105bf170_0, 0, 32;
    %jmp T_4.55;
T_4.54 ;
    %load/vec4 v0x55c6105bf3f0_0;
    %cmpi/e 18, 0, 5;
    %jmp/0xz  T_4.56, 4;
    %load/vec4 v0x55c6105bffe0_0;
    %store/vec4 v0x55c6105bf170_0, 0, 32;
    %jmp T_4.57;
T_4.56 ;
    %load/vec4 v0x55c6105bf3f0_0;
    %cmpi/e 19, 0, 5;
    %jmp/0xz  T_4.58, 4;
    %load/vec4 v0x55c6105c00c0_0;
    %store/vec4 v0x55c6105bf170_0, 0, 32;
    %jmp T_4.59;
T_4.58 ;
    %load/vec4 v0x55c6105bf3f0_0;
    %cmpi/e 20, 0, 5;
    %jmp/0xz  T_4.60, 4;
    %load/vec4 v0x55c6105c01a0_0;
    %store/vec4 v0x55c6105bf170_0, 0, 32;
    %jmp T_4.61;
T_4.60 ;
    %load/vec4 v0x55c6105bf3f0_0;
    %cmpi/e 21, 0, 5;
    %jmp/0xz  T_4.62, 4;
    %load/vec4 v0x55c6105c0280_0;
    %store/vec4 v0x55c6105bf170_0, 0, 32;
    %jmp T_4.63;
T_4.62 ;
    %load/vec4 v0x55c6105bf3f0_0;
    %cmpi/e 22, 0, 5;
    %jmp/0xz  T_4.64, 4;
    %load/vec4 v0x55c6105c0360_0;
    %store/vec4 v0x55c6105bf170_0, 0, 32;
    %jmp T_4.65;
T_4.64 ;
    %load/vec4 v0x55c6105bf3f0_0;
    %cmpi/e 23, 0, 5;
    %jmp/0xz  T_4.66, 4;
    %load/vec4 v0x55c6105c0440_0;
    %store/vec4 v0x55c6105bf170_0, 0, 32;
    %jmp T_4.67;
T_4.66 ;
    %pushi/vec4 0, 4294967295, 32;
    %store/vec4 v0x55c6105bf170_0, 0, 32;
T_4.67 ;
T_4.65 ;
T_4.63 ;
T_4.61 ;
T_4.59 ;
T_4.57 ;
T_4.55 ;
T_4.53 ;
T_4.51 ;
T_4.49 ;
T_4.47 ;
T_4.45 ;
T_4.43 ;
T_4.41 ;
T_4.39 ;
T_4.37 ;
T_4.0 ;
    %jmp T_4;
    .thread T_4, $push;
    .scope S_0x55c6105beca0;
T_5 ;
    %wait E_0x55c6105a0ce0;
    %load/vec4 v0x55c6105bfd80_0;
    %cmpi/e 32, 0, 6;
    %jmp/0xz  T_5.0, 4;
    %load/vec4 v0x55c6105bf520_0;
    %flag_set/vec4 8;
    %jmp/0xz  T_5.2, 8;
    %load/vec4 v0x55c6105bf250_0;
    %cmpi/e 8, 0, 5;
    %jmp/0xz  T_5.4, 4;
    %load/vec4 v0x55c6105bf5c0_0;
    %store/vec4 v0x55c6105bf680_0, 0, 32;
    %jmp T_5.5;
T_5.4 ;
    %load/vec4 v0x55c6105bf250_0;
    %cmpi/e 9, 0, 5;
    %jmp/0xz  T_5.6, 4;
    %load/vec4 v0x55c6105bf5c0_0;
    %store/vec4 v0x55c6105bf760_0, 0, 32;
    %jmp T_5.7;
T_5.6 ;
    %load/vec4 v0x55c6105bf250_0;
    %cmpi/e 10, 0, 5;
    %jmp/0xz  T_5.8, 4;
    %load/vec4 v0x55c6105bf5c0_0;
    %store/vec4 v0x55c6105bf840_0, 0, 32;
    %jmp T_5.9;
T_5.8 ;
    %load/vec4 v0x55c6105bf250_0;
    %cmpi/e 11, 0, 5;
    %jmp/0xz  T_5.10, 4;
    %load/vec4 v0x55c6105bf5c0_0;
    %store/vec4 v0x55c6105bf920_0, 0, 32;
    %jmp T_5.11;
T_5.10 ;
    %load/vec4 v0x55c6105bf250_0;
    %cmpi/e 12, 0, 5;
    %jmp/0xz  T_5.12, 4;
    %load/vec4 v0x55c6105bf5c0_0;
    %store/vec4 v0x55c6105bfa00_0, 0, 32;
    %jmp T_5.13;
T_5.12 ;
    %load/vec4 v0x55c6105bf250_0;
    %cmpi/e 13, 0, 5;
    %jmp/0xz  T_5.14, 4;
    %load/vec4 v0x55c6105bf5c0_0;
    %store/vec4 v0x55c6105bfae0_0, 0, 32;
    %jmp T_5.15;
T_5.14 ;
    %load/vec4 v0x55c6105bf250_0;
    %cmpi/e 14, 0, 5;
    %jmp/0xz  T_5.16, 4;
    %load/vec4 v0x55c6105bf5c0_0;
    %store/vec4 v0x55c6105bfbc0_0, 0, 32;
    %jmp T_5.17;
T_5.16 ;
    %load/vec4 v0x55c6105bf250_0;
    %cmpi/e 15, 0, 5;
    %jmp/0xz  T_5.18, 4;
    %load/vec4 v0x55c6105bf5c0_0;
    %store/vec4 v0x55c6105bfca0_0, 0, 32;
    %jmp T_5.19;
T_5.18 ;
    %load/vec4 v0x55c6105bf250_0;
    %cmpi/e 16, 0, 5;
    %jmp/0xz  T_5.20, 4;
    %load/vec4 v0x55c6105bf5c0_0;
    %store/vec4 v0x55c6105bfe40_0, 0, 32;
    %jmp T_5.21;
T_5.20 ;
    %load/vec4 v0x55c6105bf250_0;
    %cmpi/e 17, 0, 5;
    %jmp/0xz  T_5.22, 4;
    %load/vec4 v0x55c6105bf5c0_0;
    %store/vec4 v0x55c6105bff00_0, 0, 32;
    %jmp T_5.23;
T_5.22 ;
    %load/vec4 v0x55c6105bf250_0;
    %cmpi/e 18, 0, 5;
    %jmp/0xz  T_5.24, 4;
    %load/vec4 v0x55c6105bf5c0_0;
    %store/vec4 v0x55c6105bffe0_0, 0, 32;
    %jmp T_5.25;
T_5.24 ;
    %load/vec4 v0x55c6105bf250_0;
    %cmpi/e 19, 0, 5;
    %jmp/0xz  T_5.26, 4;
    %load/vec4 v0x55c6105bf5c0_0;
    %store/vec4 v0x55c6105c00c0_0, 0, 32;
    %jmp T_5.27;
T_5.26 ;
    %load/vec4 v0x55c6105bf250_0;
    %cmpi/e 20, 0, 5;
    %jmp/0xz  T_5.28, 4;
    %load/vec4 v0x55c6105bf5c0_0;
    %store/vec4 v0x55c6105c01a0_0, 0, 32;
    %jmp T_5.29;
T_5.28 ;
    %load/vec4 v0x55c6105bf250_0;
    %cmpi/e 21, 0, 5;
    %jmp/0xz  T_5.30, 4;
    %load/vec4 v0x55c6105bf5c0_0;
    %store/vec4 v0x55c6105c0280_0, 0, 32;
    %jmp T_5.31;
T_5.30 ;
    %load/vec4 v0x55c6105bf250_0;
    %cmpi/e 22, 0, 5;
    %jmp/0xz  T_5.32, 4;
    %load/vec4 v0x55c6105bf5c0_0;
    %store/vec4 v0x55c6105c0360_0, 0, 32;
    %jmp T_5.33;
T_5.32 ;
    %load/vec4 v0x55c6105bf250_0;
    %cmpi/e 23, 0, 5;
    %jmp/0xz  T_5.34, 4;
    %load/vec4 v0x55c6105bf5c0_0;
    %store/vec4 v0x55c6105c0440_0, 0, 32;
T_5.34 ;
T_5.33 ;
T_5.31 ;
T_5.29 ;
T_5.27 ;
T_5.25 ;
T_5.23 ;
T_5.21 ;
T_5.19 ;
T_5.17 ;
T_5.15 ;
T_5.13 ;
T_5.11 ;
T_5.9 ;
T_5.7 ;
T_5.5 ;
T_5.2 ;
T_5.0 ;
    %jmp T_5;
    .thread T_5, $push;
    .scope S_0x55c610517650;
T_6 ;
    %wait E_0x55c6105a13c0;
    %load/vec4 v0x55c6105c1260_0;
    %cmpi/e 2, 0, 6;
    %jmp/0xz  T_6.0, 4;
    %load/vec4 v0x55c6105c0980_0;
    %parti/s 6, 26, 6;
    %cmpi/e 32, 0, 6;
    %flag_mov 8, 4;
    %load/vec4 v0x55c6105c0980_0;
    %parti/s 6, 26, 6;
    %cmpi/e 29, 0, 6;
    %flag_or 4, 8;
    %jmp/0xz  T_6.2, 4;
    %load/vec4 v0x55c6105c0980_0;
    %parti/s 5, 11, 5;
    %store/vec4 v0x55c6105c0e10_0, 0, 5;
    %load/vec4 v0x55c6105c0980_0;
    %parti/s 5, 16, 6;
    %store/vec4 v0x55c6105c0fb0_0, 0, 5;
    %jmp T_6.3;
T_6.2 ;
    %load/vec4 v0x55c6105c0980_0;
    %parti/s 5, 16, 6;
    %store/vec4 v0x55c6105c0e10_0, 0, 5;
    %load/vec4 v0x55c6105c0980_0;
    %parti/s 5, 11, 5;
    %store/vec4 v0x55c6105c0fb0_0, 0, 5;
T_6.3 ;
T_6.0 ;
    %jmp T_6;
    .thread T_6, $push;
    .scope S_0x55c610517650;
T_7 ;
    %wait E_0x55c6105a1540;
    %load/vec4 v0x55c6105c1260_0;
    %cmpi/e 2, 0, 6;
    %jmp/0xz  T_7.0, 4;
    %load/vec4 v0x55c6105c0c70_0;
    %store/vec4 v0x55c6105c0840_0, 0, 32;
    %load/vec4 v0x55c6105c0d40_0;
    %store/vec4 v0x55c6105c08e0_0, 0, 32;
    %load/vec4 v0x55c6105c0980_0;
    %parti/s 16, 0, 2;
    %pad/u 32;
    %store/vec4 v0x55c6105c1120_0, 0, 32;
T_7.0 ;
    %jmp T_7;
    .thread T_7, $push;
    .scope S_0x55c6105c1bb0;
T_8 ;
    %wait E_0x55c6105c1da0;
    %load/vec4 v0x55c6105c20f0_0;
    %cmpi/e 4, 0, 6;
    %jmp/0xz  T_8.0, 4;
    %load/vec4 v0x55c6105c1f20_0;
    %cmpi/e 0, 0, 2;
    %jmp/0xz  T_8.2, 4;
    %pushi/vec4 2, 0, 4;
    %store/vec4 v0x55c6105c1e20_0, 0, 4;
    %jmp T_8.3;
T_8.2 ;
    %load/vec4 v0x55c6105c1f20_0;
    %cmpi/e 1, 0, 2;
    %jmp/0xz  T_8.4, 4;
    %pushi/vec4 3, 0, 4;
    %store/vec4 v0x55c6105c1e20_0, 0, 4;
    %jmp T_8.5;
T_8.4 ;
    %load/vec4 v0x55c6105c1f20_0;
    %cmpi/e 2, 0, 2;
    %jmp/0xz  T_8.6, 4;
    %load/vec4 v0x55c6105c2030_0;
    %cmpi/e 32, 0, 6;
    %jmp/0xz  T_8.8, 4;
    %pushi/vec4 2, 0, 4;
    %store/vec4 v0x55c6105c1e20_0, 0, 4;
    %jmp T_8.9;
T_8.8 ;
    %load/vec4 v0x55c6105c2030_0;
    %cmpi/e 34, 0, 6;
    %jmp/0xz  T_8.10, 4;
    %pushi/vec4 3, 0, 4;
    %store/vec4 v0x55c6105c1e20_0, 0, 4;
    %jmp T_8.11;
T_8.10 ;
    %load/vec4 v0x55c6105c2030_0;
    %cmpi/e 36, 0, 6;
    %jmp/0xz  T_8.12, 4;
    %pushi/vec4 0, 0, 4;
    %store/vec4 v0x55c6105c1e20_0, 0, 4;
    %jmp T_8.13;
T_8.12 ;
    %load/vec4 v0x55c6105c2030_0;
    %cmpi/e 37, 0, 6;
    %jmp/0xz  T_8.14, 4;
    %pushi/vec4 1, 0, 4;
    %store/vec4 v0x55c6105c1e20_0, 0, 4;
    %jmp T_8.15;
T_8.14 ;
    %load/vec4 v0x55c6105c2030_0;
    %cmpi/e 63, 0, 6;
    %jmp/0xz  T_8.16, 4;
    %pushi/vec4 8, 0, 4;
    %store/vec4 v0x55c6105c1e20_0, 0, 4;
    %jmp T_8.17;
T_8.16 ;
    %pushi/vec4 0, 15, 4;
    %store/vec4 v0x55c6105c1e20_0, 0, 4;
T_8.17 ;
T_8.15 ;
T_8.13 ;
T_8.11 ;
T_8.9 ;
    %jmp T_8.7;
T_8.6 ;
    %pushi/vec4 0, 15, 4;
    %store/vec4 v0x55c6105c1e20_0, 0, 4;
T_8.7 ;
T_8.5 ;
T_8.3 ;
T_8.0 ;
    %jmp T_8;
    .thread T_8, $push;
    .scope S_0x55c6105c2260;
T_9 ;
    %wait E_0x55c6105c2450;
    %load/vec4 v0x55c6105c2860_0;
    %cmpi/e 8, 0, 6;
    %jmp/0xz  T_9.0, 4;
    %load/vec4 v0x55c6105c24c0_0;
    %cmpi/e 0, 0, 4;
    %jmp/0xz  T_9.2, 4;
    %load/vec4 v0x55c6105c25d0_0;
    %load/vec4 v0x55c6105c2690_0;
    %and;
    %store/vec4 v0x55c6105c2780_0, 0, 32;
    %jmp T_9.3;
T_9.2 ;
    %load/vec4 v0x55c6105c24c0_0;
    %cmpi/e 1, 0, 4;
    %jmp/0xz  T_9.4, 4;
    %load/vec4 v0x55c6105c25d0_0;
    %load/vec4 v0x55c6105c2690_0;
    %or;
    %store/vec4 v0x55c6105c2780_0, 0, 32;
    %jmp T_9.5;
T_9.4 ;
    %load/vec4 v0x55c6105c24c0_0;
    %cmpi/e 2, 0, 4;
    %jmp/0xz  T_9.6, 4;
    %load/vec4 v0x55c6105c25d0_0;
    %load/vec4 v0x55c6105c2690_0;
    %add;
    %store/vec4 v0x55c6105c2780_0, 0, 32;
    %jmp T_9.7;
T_9.6 ;
    %load/vec4 v0x55c6105c24c0_0;
    %cmpi/e 3, 0, 4;
    %jmp/0xz  T_9.8, 4;
    %load/vec4 v0x55c6105c25d0_0;
    %load/vec4 v0x55c6105c2690_0;
    %sub;
    %store/vec4 v0x55c6105c2780_0, 0, 32;
    %jmp T_9.9;
T_9.8 ;
    %load/vec4 v0x55c6105c24c0_0;
    %cmpi/e 8, 0, 4;
    %jmp/0xz  T_9.10, 4;
    %load/vec4 v0x55c6105c25d0_0;
    %load/vec4 v0x55c6105c2690_0;
    %mul;
    %store/vec4 v0x55c6105c2780_0, 0, 32;
    %jmp T_9.11;
T_9.10 ;
    %pushi/vec4 0, 4294967295, 32;
    %store/vec4 v0x55c6105c2780_0, 0, 32;
T_9.11 ;
T_9.9 ;
T_9.7 ;
T_9.5 ;
T_9.3 ;
T_9.0 ;
    %jmp T_9;
    .thread T_9, $push;
    .scope S_0x55c6105c1570;
T_10 ;
    %wait E_0x55c6105c1860;
    %load/vec4 v0x55c6105c3be0_0;
    %cmpi/e 4, 0, 6;
    %jmp/0xz  T_10.0, 4;
    %load/vec4 v0x55c6105c3b20_0;
    %muli 4, 0, 32;
    %load/vec4 v0x55c6105c3460_0;
    %add;
    %store/vec4 v0x55c6105c3380_0, 0, 32;
    %load/vec4 v0x55c6105c3b20_0;
    %parti/s 6, 0, 2;
    %store/vec4 v0x55c6105c32e0_0, 0, 6;
    %load/vec4 v0x55c6105c3780_0;
    %store/vec4 v0x55c6105c3970_0, 0, 32;
    %load/vec4 v0x55c6105c3080_0;
    %flag_set/vec4 8;
    %jmp/0xz  T_10.2, 8;
    %load/vec4 v0x55c6105c3b20_0;
    %store/vec4 v0x55c6105c3a10_0, 0, 32;
    %jmp T_10.3;
T_10.2 ;
    %load/vec4 v0x55c6105c3840_0;
    %store/vec4 v0x55c6105c3a10_0, 0, 32;
T_10.3 ;
T_10.0 ;
    %jmp T_10;
    .thread T_10, $push;
    .scope S_0x55c6105c7360;
T_11 ;
    %wait E_0x55c6105c7640;
    %load/vec4 v0x55c6105c7d20_0;
    %cmpi/e 8, 0, 6;
    %jmp/0xz  T_11.0, 4;
    %load/vec4 v0x55c6105c7860_0;
    %flag_set/vec4 8;
    %jmp/0xz  T_11.2, 8;
    %ix/getv 4, v0x55c6105c76c0_0;
    %load/vec4a v0x55c6105c7c60, 4;
    %ix/load 4, 24, 0;
    %flag_set/imm 4, 0;
    %store/vec4 v0x55c6105c7a40_0, 4, 8;
    %load/vec4 v0x55c6105c76c0_0;
    %pad/u 33;
    %addi 1, 0, 33;
    %ix/vec4 4;
    %load/vec4a v0x55c6105c7c60, 4;
    %ix/load 4, 16, 0;
    %flag_set/imm 4, 0;
    %store/vec4 v0x55c6105c7a40_0, 4, 8;
    %load/vec4 v0x55c6105c76c0_0;
    %pad/u 33;
    %addi 2, 0, 33;
    %ix/vec4 4;
    %load/vec4a v0x55c6105c7c60, 4;
    %ix/load 4, 8, 0;
    %flag_set/imm 4, 0;
    %store/vec4 v0x55c6105c7a40_0, 4, 8;
    %load/vec4 v0x55c6105c76c0_0;
    %pad/u 33;
    %addi 3, 0, 33;
    %ix/vec4 4;
    %load/vec4a v0x55c6105c7c60, 4;
    %ix/load 4, 0, 0;
    %flag_set/imm 4, 0;
    %store/vec4 v0x55c6105c7a40_0, 4, 8;
T_11.2 ;
    %load/vec4 v0x55c6105c7950_0;
    %flag_set/vec4 8;
    %jmp/0xz  T_11.4, 8;
    %load/vec4 v0x55c6105c7b50_0;
    %parti/s 8, 24, 6;
    %ix/getv 4, v0x55c6105c76c0_0;
    %store/vec4a v0x55c6105c7c60, 4, 0;
    %load/vec4 v0x55c6105c7b50_0;
    %parti/s 8, 16, 6;
    %load/vec4 v0x55c6105c76c0_0;
    %pad/u 33;
    %addi 1, 0, 33;
    %ix/vec4 4;
    %store/vec4a v0x55c6105c7c60, 4, 0;
    %load/vec4 v0x55c6105c7b50_0;
    %parti/s 8, 8, 5;
    %load/vec4 v0x55c6105c76c0_0;
    %pad/u 33;
    %addi 2, 0, 33;
    %ix/vec4 4;
    %store/vec4a v0x55c6105c7c60, 4, 0;
    %load/vec4 v0x55c6105c7b50_0;
    %parti/s 8, 0, 2;
    %load/vec4 v0x55c6105c76c0_0;
    %pad/u 33;
    %addi 3, 0, 33;
    %ix/vec4 4;
    %store/vec4a v0x55c6105c7c60, 4, 0;
    %pushi/vec4 0, 4294967295, 32;
    %store/vec4 v0x55c6105c7a40_0, 0, 32;
T_11.4 ;
T_11.0 ;
    %jmp T_11;
    .thread T_11;
    .scope S_0x55c6105c7140;
T_12 ;
    %wait E_0x55c6105c1ad0;
    %load/vec4 v0x55c6105c8770_0;
    %cmpi/e 16, 0, 6;
    %jmp/0xz  T_12.0, 4;
    %load/vec4 v0x55c6105c86d0_0;
    %load/vec4 v0x55c6105c8630_0;
    %nor/r;
    %and;
    %flag_set/vec4 8;
    %jmp/0xz  T_12.2, 8;
    %load/vec4 v0x55c6105c81e0_0;
    %store/vec4 v0x55c6105c8280_0, 0, 32;
    %jmp T_12.3;
T_12.2 ;
    %load/vec4 v0x55c6105c8370_0;
    %store/vec4 v0x55c6105c8280_0, 0, 32;
T_12.3 ;
T_12.0 ;
    %jmp T_12;
    .thread T_12, $push;
    .scope S_0x55c6105c8a00;
T_13 ;
    %wait E_0x55c6105c7550;
    %load/vec4 v0x55c6105c8fd0_0;
    %cmpi/e 32, 0, 6;
    %jmp/0xz  T_13.0, 4;
    %load/vec4 v0x55c6105c8dd0_0;
    %flag_set/vec4 8;
    %jmp/0xz  T_13.2, 8;
    %load/vec4 v0x55c6105c8ee0_0;
    %store/vec4 v0x55c6105c9070_0, 0, 32;
    %jmp T_13.3;
T_13.2 ;
    %load/vec4 v0x55c6105c8cf0_0;
    %store/vec4 v0x55c6105c9070_0, 0, 32;
T_13.3 ;
T_13.0 ;
    %jmp T_13;
    .thread T_13, $push;
    .scope S_0x55c610519500;
T_14 ;
    %pushi/vec4 1, 0, 6;
    %store/vec4 v0x55c6105ca730_0, 0, 6;
    %end;
    .thread T_14;
    .scope S_0x55c610519500;
T_15 ;
    %wait E_0x55c610541b30;
    %load/vec4 v0x55c6105ca730_0;
    %parti/s 5, 0, 2;
    %load/vec4 v0x55c6105ca730_0;
    %parti/s 1, 5, 4;
    %concat/vec4; draw_concat_vec4
    %store/vec4 v0x55c6105ca730_0, 0, 6;
    %jmp T_15;
    .thread T_15;
    .scope S_0x55c610519500;
T_16 ;
    %wait E_0x55c6105c7640;
    %load/vec4 v0x55c6105ca730_0;
    %cmpi/e 32, 0, 6;
    %jmp/0xz  T_16.0, 4;
    %vpi_call 3 59 "$display", "matrix 1" {0 0 0};
    %vpi_call 3 60 "$display", " %d %d %d", &A<v0x55c6105c7c60, 3>, &A<v0x55c6105c7c60, 7>, &A<v0x55c6105c7c60, 11> {0 0 0};
    %vpi_call 3 61 "$display", " %d %d %d", &A<v0x55c6105c7c60, 15>, &A<v0x55c6105c7c60, 19>, &A<v0x55c6105c7c60, 23> {0 0 0};
    %vpi_call 3 62 "$display", " %d %d %d", &A<v0x55c6105c7c60, 27>, &A<v0x55c6105c7c60, 31>, &A<v0x55c6105c7c60, 35> {0 0 0};
    %vpi_call 3 64 "$display", "matrix 2" {0 0 0};
    %vpi_call 3 65 "$display", " %d  %d %d", &A<v0x55c6105c7c60, 3>, &A<v0x55c6105c7c60, 7>, &A<v0x55c6105c7c60, 11> {0 0 0};
    %vpi_call 3 66 "$display", " %d  %d %d", &A<v0x55c6105c7c60, 15>, &A<v0x55c6105c7c60, 19>, &A<v0x55c6105c7c60, 23> {0 0 0};
    %vpi_call 3 67 "$display", " %d  %d %d", &A<v0x55c6105c7c60, 27>, &A<v0x55c6105c7c60, 31>, &A<v0x55c6105c7c60, 35> {0 0 0};
    %vpi_call 3 69 "$display", "matrix result" {0 0 0};
    %vpi_call 3 70 "$display", " %d  %d %d", &A<v0x55c6105c7c60, 131>, &A<v0x55c6105c7c60, 135>, &A<v0x55c6105c7c60, 139> {0 0 0};
    %vpi_call 3 71 "$display", " %d  %d %d", &A<v0x55c6105c7c60, 143>, &A<v0x55c6105c7c60, 147>, &A<v0x55c6105c7c60, 151> {0 0 0};
    %vpi_call 3 72 "$display", " %d  %d %d", &A<v0x55c6105c7c60, 155>, &A<v0x55c6105c7c60, 159>, &A<v0x55c6105c7c60, 163> {0 0 0};
T_16.0 ;
    %jmp T_16;
    .thread T_16;
    .scope S_0x55c610519380;
T_17 ;
    %delay 1, 0;
    %load/vec4 v0x55c6105ca850_0;
    %inv;
    %assign/vec4 v0x55c6105ca850_0, 0;
    %jmp T_17;
    .thread T_17;
    .scope S_0x55c610519380;
T_18 ;
    %delay 1650, 0;
    %vpi_call 2 21 "$finish" {0 0 0};
    %end;
    .thread T_18;
    .scope S_0x55c610519380;
T_19 ;
    %vpi_call 2 24 "$dumpfile", "matrixtb-IMT2017028.vcd" {0 0 0};
    %vpi_call 2 25 "$dumpvars", 32'sb00000000000000000000000000000000, S_0x55c610519380 {0 0 0};
    %vpi_call 2 26 "$readmemb", "testinstr-IMT2017028.mem", v0x55c6105c4a30 {0 0 0};
    %vpi_call 2 27 "$readmemb", "data-IMT2017028.mem", v0x55c6105c7c60 {0 0 0};
    %pushi/vec4 1, 0, 1;
    %store/vec4 v0x55c6105ca850_0, 0, 1;
    %pushi/vec4 1, 0, 1;
    %store/vec4 v0x55c6105ca8f0_0, 0, 1;
    %delay 5, 0;
    %pushi/vec4 0, 0, 1;
    %store/vec4 v0x55c6105ca8f0_0, 0, 1;
    %delay 5, 0;
    %end;
    .thread T_19;
# The file index is used to find the file name in the following table.
:file_names 15;
    "N/A";
    "<interactive>";
    "maintb-IMT2017028.v";
    "Main-IMT2017028.v";
    "./decode-IMT2017028.v";
    "././controlunit-IMT2017028.v";
    "././registers-IMT2017028.v";
    "./execute-IMT2017028.v";
    "././alu-IMT2017028.v";
    "./fetch-IMT2017028.v";
    "././instructionmemory-IMT2017028.v";
    "././pc-IMT2017028.v";
    "./mem_access-IMT2017028.v";
    "././datamemory-IMT2017028.v";
    "./writeback-IMT2017028.v";
